{"C:\\xampp\\miXampp\\htdocs\\API-PerezEscobarEduardo\\Unidad3\\MocaChaiJest\\src\\modulo.js": {"path":"C:\\xampp\\miXampp\\htdocs\\API-PerezEscobarEduardo\\Unidad3\\MocaChaiJest\\src\\modulo.js","statementMap":{"0":{"start":{"line":2,"column":4},"end":{"line":2,"column":25}},"1":{"start":{"line":4,"column":0},"end":{"line":4,"column":43}}},"fnMap":{"0":{"name":"areaTriangulo","decl":{"start":{"line":1,"column":9},"end":{"line":1,"column":22}},"loc":{"start":{"line":1,"column":35},"end":{"line":3,"column":1}},"line":1}},"branchMap":{},"s":{"0":1,"1":1},"f":{"0":1},"b":{},"_coverageSchema":"1a1c01bbd47fc00a2c39e90264f33305004495a9","hash":"fe1b68175aa4a376f8aa143cc57669d7dabce8d7"}
}
